[0.029s] Invoking command in '/home/autodrive/laser_ws/build/urg_node': CMAKE_PREFIX_PATH=/opt/ros/foxy /usr/bin/cmake /home/autodrive/laser_ws/src/urg_node-ros2-devel -DAMENT_CMAKE_SYMLINK_INSTALL=1 -DCMAKE_INSTALL_PREFIX=/home/autodrive/laser_ws/install/urg_node
[0.059s] -- Found ament_cmake: 0.9.12 (/opt/ros/foxy/share/ament_cmake/cmake)
[0.104s] -- Using PYTHON_EXECUTABLE: /usr/bin/python3
[0.488s] -- Override CMake install command with custom implementation using symlinks instead of copying resources
[0.510s] -- Found diagnostic_updater: 3.1.2 (/opt/ros/foxy/share/diagnostic_updater/cmake)
[0.553s] -- Using all available rosidl_typesupport_c: rosidl_typesupport_fastrtps_c;rosidl_typesupport_introspection_c
[0.559s] -- Found rosidl_adapter: 1.3.1 (/opt/ros/foxy/share/rosidl_adapter/cmake)
[0.790s] -- Using all available rosidl_typesupport_cpp: rosidl_typesupport_fastrtps_cpp;rosidl_typesupport_introspection_cpp
[1.016s] -- Found rmw_implementation_cmake: 1.0.4 (/opt/ros/foxy/share/rmw_implementation_cmake/cmake)
[1.018s] -- Using RMW implementation 'rmw_fastrtps_cpp' as default
[1.282s] -- Found laser_proc: 1.0.2 (/opt/ros/foxy/share/laser_proc/cmake)
[1.514s] -- Found rclcpp_components: 2.4.3 (/opt/ros/foxy/share/rclcpp_components/cmake)
[1.613s] -- Found std_srvs: 2.0.5 (/opt/ros/foxy/share/std_srvs/cmake)
[1.630s] -- Found urg_c: 1.0.4001 (/opt/ros/foxy/share/urg_c/cmake)
[1.632s] -- Found urg_node_msgs: 1.0.1 (/opt/ros/foxy/share/urg_node_msgs/cmake)
[1.697s] -- Found laser_geometry: 2.2.0 (/opt/ros/foxy/share/laser_geometry/cmake)
[1.724s] -- Found ament_lint_auto: 0.9.8 (/opt/ros/foxy/share/ament_lint_auto/cmake)
[1.869s] -- Added test 'cppcheck' to perform static code analysis on C / C++ code
[1.869s] -- Configured cppcheck include dirs: $<BUILD_INTERFACE:/home/autodrive/laser_ws/src/urg_node-ros2-devel/include>
[1.869s] -- Configured cppcheck exclude dirs and/or files: 
[1.871s] -- Added test 'cpplint' to check C / C++ code against the Google style
[1.871s] -- Configured cpplint exclude dirs and/or files: 
[1.872s] -- Added test 'flake8' to check Python code syntax and style conventions
[1.873s] -- Added test 'lint_cmake' to check CMake code style
[1.874s] -- Added test 'pep257' to check Python code against some of the style conventions in PEP 257
[1.877s] -- Added test 'uncrustify' to check C / C++ code style
[1.877s] -- Configured uncrustify additional arguments: 
[1.879s] -- Added test 'xmllint' to check XML markup files
[1.889s] -- Configuring done
[1.959s] -- Generating done
[1.986s] -- Build files have been written to: /home/autodrive/laser_ws/build/urg_node
[2.008s] Invoked command in '/home/autodrive/laser_ws/build/urg_node' returned '0': CMAKE_PREFIX_PATH=/opt/ros/foxy /usr/bin/cmake /home/autodrive/laser_ws/src/urg_node-ros2-devel -DAMENT_CMAKE_SYMLINK_INSTALL=1 -DCMAKE_INSTALL_PREFIX=/home/autodrive/laser_ws/install/urg_node
[2.015s] Invoking command in '/home/autodrive/laser_ws/build/urg_node': CMAKE_PREFIX_PATH=/opt/ros/foxy /usr/bin/cmake --build /home/autodrive/laser_ws/build/urg_node -- -j6 -l6
[2.138s] [ 11%] [32m[1mLinking CXX executable urg_node_driver[0m
[2.141s] [ 22%] [32m[1mLinking CXX shared library liburg_node.so[0m
[2.404s] [ 33%] Built target urg_node_driver
[2.814s] [ 55%] Built target urg_node
[2.868s] [ 66%] [32mBuilding CXX object CMakeFiles/pointcloud_2d_to_3d.dir/src/pointcloud_2d_to_3d.cpp.o[0m
[2.873s] [ 77%] [32m[1mLinking CXX executable getID[0m
[3.065s] In file included from [01m[K/home/autodrive/laser_ws/src/urg_node-ros2-devel/src/pointcloud_2d_to_3d.cpp:5[m[K:
[3.065s] [01m[K/opt/ros/foxy/include/laser_geometry/laser_geometry.hpp:39:10:[m[K [01;31m[Kfatal error: [m[KEigen/Core: No such file or directory
[3.066s]    39 | #include [01;31m[K<Eigen/Core>[m[K  // NOLINT (cpplint cannot handle include order here)
[3.066s]       |          [01;31m[K^~~~~~~~~~~~[m[K
[3.066s] compilation terminated.
[3.070s] make[2]: *** [CMakeFiles/pointcloud_2d_to_3d.dir/build.make:63: CMakeFiles/pointcloud_2d_to_3d.dir/src/pointcloud_2d_to_3d.cpp.o] Error 1
[3.071s] make[1]: *** [CMakeFiles/Makefile2:84: CMakeFiles/pointcloud_2d_to_3d.dir/all] Error 2
[3.071s] make[1]: *** Waiting for unfinished jobs....
[3.269s] [ 88%] Built target getID
[3.271s] make: *** [Makefile:141: all] Error 2
[3.276s] Invoked command in '/home/autodrive/laser_ws/build/urg_node' returned '2': CMAKE_PREFIX_PATH=/opt/ros/foxy /usr/bin/cmake --build /home/autodrive/laser_ws/build/urg_node -- -j6 -l6
