[0.508s] Invoking command in '/home/autodrive/laser_ws/build/urg_node': CMAKE_PREFIX_PATH=/opt/ros/foxy /usr/bin/cmake --build /home/autodrive/laser_ws/build/urg_node -- -j6 -l6
[0.629s] [ 22%] Built target urg_node_driver
[0.632s] [ 55%] Built target urg_node
[0.655s] [35m[1mScanning dependencies of target pointcloud_2d_to_3d[0m
[0.693s] [ 77%] Built target getID
[0.709s] [ 88%] [32mBuilding CXX object CMakeFiles/pointcloud_2d_to_3d.dir/src/pointcloud_2d_to_3d.cpp.o[0m
[3.702s] [01m[K/home/autodrive/laser_ws/src/urg_node-ros2-devel/src/pointcloud_2d_to_3d.cpp:[m[K In member function ‚Äò[01m[Kvoid PointCloudNode::laserScanToPointCloud2(const LaserScan&)[m[K‚Äô:
[3.702s] [01m[K/home/autodrive/laser_ws/src/urg_node-ros2-devel/src/pointcloud_2d_to_3d.cpp:77:7:[m[K [01;31m[Kerror: [m[K‚Äò[01m[Kvector[m[K‚Äô was not declared in this scope; did you mean ‚Äò[01m[Kstd::vector[m[K‚Äô?
[3.702s]    77 |       [01;31m[Kvector[m[K<lininfo> left;
[3.702s]       |       [01;31m[K^~~~~~[m[K
[3.702s]       |       [32m[Kstd::vector[m[K
[3.703s] In file included from [01m[K/usr/include/c++/9/vector:67[m[K,
[3.703s]                  from [01m[K/opt/ros/foxy/include/rclcpp/executor.hpp:27[m[K,
[3.703s]                  from [01m[K/opt/ros/foxy/include/rclcpp/executors/multi_threaded_executor.hpp:26[m[K,
[3.703s]                  from [01m[K/opt/ros/foxy/include/rclcpp/executors.hpp:21[m[K,
[3.703s]                  from [01m[K/opt/ros/foxy/include/rclcpp/rclcpp.hpp:146[m[K,
[3.703s]                  from [01m[K/home/autodrive/laser_ws/src/urg_node-ros2-devel/src/pointcloud_2d_to_3d.cpp:1[m[K:
[3.703s] [01m[K/usr/include/c++/9/bits/stl_vector.h:386:11:[m[K [01;36m[Knote: [m[K‚Äò[01m[Kstd::vector[m[K‚Äô declared here
[3.704s]   386 |     class [01;36m[Kvector[m[K : protected _Vector_base<_Tp, _Alloc>
[3.704s]       |           [01;36m[K^~~~~~[m[K
[3.704s] [01m[K/home/autodrive/laser_ws/src/urg_node-ros2-devel/src/pointcloud_2d_to_3d.cpp:77:21:[m[K [01;31m[Kerror: [m[Kexpected primary-expression before ‚Äò[01m[K>[m[K‚Äô token
[3.704s]    77 |       vector<lininfo[01;31m[K>[m[K left;
[3.704s]       |                     [01;31m[K^[m[K
[3.707s] [01m[K/home/autodrive/laser_ws/src/urg_node-ros2-devel/src/pointcloud_2d_to_3d.cpp:77:23:[m[K [01;31m[Kerror: [m[K‚Äò[01m[Kleft[m[K‚Äô was not declared in this scope; did you mean ‚Äò[01m[Kstd::left[m[K‚Äô?
[3.707s]    77 |       vector<lininfo> [01;31m[Kleft[m[K;
[3.707s]       |                       [01;31m[K^~~~[m[K
[3.707s]       |                       [32m[Kstd::left[m[K
[3.707s] In file included from [01m[K/usr/include/c++/9/ios:42[m[K,
[3.707s]                  from [01m[K/usr/include/c++/9/ostream:38[m[K,
[3.707s]                  from [01m[K/usr/include/c++/9/iostream:39[m[K,
[3.708s]                  from [01m[K/opt/ros/foxy/include/rclcpp/executor.hpp:22[m[K,
[3.708s]                  from [01m[K/opt/ros/foxy/include/rclcpp/executors/multi_threaded_executor.hpp:26[m[K,
[3.708s]                  from [01m[K/opt/ros/foxy/include/rclcpp/executors.hpp:21[m[K,
[3.708s]                  from [01m[K/opt/ros/foxy/include/rclcpp/rclcpp.hpp:146[m[K,
[3.708s]                  from [01m[K/home/autodrive/laser_ws/src/urg_node-ros2-devel/src/pointcloud_2d_to_3d.cpp:1[m[K:
[3.709s] [01m[K/usr/include/c++/9/bits/ios_base.h:1011:3:[m[K [01;36m[Knote: [m[K‚Äò[01m[Kstd::left[m[K‚Äô declared here
[3.709s]  1011 |   [01;36m[Kleft[m[K(ios_base& __base)
[3.709s]       |   [01;36m[K^~~~[m[K
[3.710s] [01m[K/home/autodrive/laser_ws/src/urg_node-ros2-devel/src/pointcloud_2d_to_3d.cpp:78:21:[m[K [01;31m[Kerror: [m[Kexpected primary-expression before ‚Äò[01m[K>[m[K‚Äô token
[3.710s]    78 |       vector<lininfo[01;31m[K>[m[K right;
[3.710s]       |                     [01;31m[K^[m[K
[3.711s] [01m[K/home/autodrive/laser_ws/src/urg_node-ros2-devel/src/pointcloud_2d_to_3d.cpp:78:23:[m[K [01;31m[Kerror: [m[K‚Äò[01m[Kright[m[K‚Äô was not declared in this scope; did you mean ‚Äò[01m[Kstd::right[m[K‚Äô?
[3.711s]    78 |       vector<lininfo> [01;31m[Kright[m[K;
[3.711s]       |                       [01;31m[K^~~~~[m[K
[3.711s]       |                       [32m[Kstd::right[m[K
[3.711s] In file included from [01m[K/usr/include/c++/9/ios:42[m[K,
[3.711s]                  from [01m[K/usr/include/c++/9/ostream:38[m[K,
[3.711s]                  from [01m[K/usr/include/c++/9/iostream:39[m[K,
[3.712s]                  from [01m[K/opt/ros/foxy/include/rclcpp/executor.hpp:22[m[K,
[3.712s]                  from [01m[K/opt/ros/foxy/include/rclcpp/executors/multi_threaded_executor.hpp:26[m[K,
[3.712s]                  from [01m[K/opt/ros/foxy/include/rclcpp/executors.hpp:21[m[K,
[3.712s]                  from [01m[K/opt/ros/foxy/include/rclcpp/rclcpp.hpp:146[m[K,
[3.712s]                  from [01m[K/home/autodrive/laser_ws/src/urg_node-ros2-devel/src/pointcloud_2d_to_3d.cpp:1[m[K:
[3.712s] [01m[K/usr/include/c++/9/bits/ios_base.h:1019:3:[m[K [01;36m[Knote: [m[K‚Äò[01m[Kstd::right[m[K‚Äô declared here
[3.712s]  1019 |   [01;36m[Kright[m[K(ios_base& __base)
[3.713s]       |   [01;36m[K^~~~~[m[K
[3.713s] [01m[K/home/autodrive/laser_ws/src/urg_node-ros2-devel/src/pointcloud_2d_to_3d.cpp:98:17:[m[K [01;35m[Kwarning: [m[Kunused variable ‚Äò[01m[Kz[m[K‚Äô [[01;35m[K-Wunused-variable[m[K]
[3.713s]    98 |           float [01;35m[Kz[m[K = 0.0;  // ÂÅáËÆæÊøÄÂÖâÈõ∑ËææÂú®Ê∞¥Âπ≥Âπ≥Èù¢‰∏ä
[3.713s]       |                 [01;35m[K^[m[K
[3.722s] [01m[K/home/autodrive/laser_ws/src/urg_node-ros2-devel/src/pointcloud_2d_to_3d.cpp:72:13:[m[K [01;35m[Kwarning: [m[Kunused variable ‚Äò[01m[Kangle_max[m[K‚Äô [[01;35m[K-Wunused-variable[m[K]
[3.723s]    72 |       float [01;35m[Kangle_max[m[K = scan_msg.angle_max;
[3.723s]       |             [01;35m[K^~~~~~~~~[m[K
[3.723s] [01m[K/home/autodrive/laser_ws/src/urg_node-ros2-devel/src/pointcloud_2d_to_3d.cpp:76:14:[m[K [01;35m[Kwarning: [m[Kunused variable ‚Äò[01m[Kpoint_index[m[K‚Äô [[01;35m[K-Wunused-variable[m[K]
[3.723s]    76 |       size_t [01;35m[Kpoint_index[m[K = 0;
[3.723s]       |              [01;35m[K^~~~~~~~~~~[m[K
[7.347s] make[2]: *** [CMakeFiles/pointcloud_2d_to_3d.dir/build.make:63: CMakeFiles/pointcloud_2d_to_3d.dir/src/pointcloud_2d_to_3d.cpp.o] Error 1
[7.347s] make[1]: *** [CMakeFiles/Makefile2:84: CMakeFiles/pointcloud_2d_to_3d.dir/all] Error 2
[7.347s] make: *** [Makefile:141: all] Error 2
[7.353s] Invoked command in '/home/autodrive/laser_ws/build/urg_node' returned '2': CMAKE_PREFIX_PATH=/opt/ros/foxy /usr/bin/cmake --build /home/autodrive/laser_ws/build/urg_node -- -j6 -l6
