[01m[K/home/autodrive/laser_ws/src/urg_node-ros2-devel/src/pointcloud_2d_to_3d.cpp:[m[K In member function â€˜[01m[Kvoid PointCloudNode::laserScanCallback(sensor_msgs::msg::LaserScan_<std::allocator<void> >::SharedPtr)[m[Kâ€™:
[01m[K/home/autodrive/laser_ws/src/urg_node-ros2-devel/src/pointcloud_2d_to_3d.cpp:27:9:[m[K [01;31m[Kerror: [m[Kâ€˜[01m[Kprojector_[m[Kâ€™ was not declared in this scope
   27 |         [01;31m[Kprojector_[m[K->projectLaser(*scan_msg, cloud_msg);
      |         [01;31m[K^~~~~~~~~~[m[K
make[2]: *** [CMakeFiles/pointcloud_2d_to_3d.dir/build.make:63: CMakeFiles/pointcloud_2d_to_3d.dir/src/pointcloud_2d_to_3d.cpp.o] Error 1
make[1]: *** [CMakeFiles/Makefile2:84: CMakeFiles/pointcloud_2d_to_3d.dir/all] Error 2
make: *** [Makefile:141: all] Error 2
