[01m[K/home/autodrive/laser_ws/src/urg_node-ros2-devel/src/pointcloud_2d_to_3d.cpp:[m[K In member function ‚Äò[01m[Kvoid PointCloudNode::laserScanToPointCloud2(const LaserScan&)[m[K‚Äô:
[01m[K/home/autodrive/laser_ws/src/urg_node-ros2-devel/src/pointcloud_2d_to_3d.cpp:112:9:[m[K [01;31m[Kerror: [m[K‚Äò[01m[Kleft[m[K‚Äô was not declared in this scope; did you mean ‚Äò[01m[Kstd::left[m[K‚Äô?
  112 |         [01;31m[Kleft[m[K.push_back({x, y, ang});
      |         [01;31m[K^~~~[m[K
      |         [32m[Kstd::left[m[K
In file included from [01m[K/usr/include/c++/9/ios:42[m[K,
                 from [01m[K/usr/include/c++/9/ostream:38[m[K,
                 from [01m[K/usr/include/c++/9/iostream:39[m[K,
                 from [01m[K/opt/ros/foxy/include/rclcpp/executor.hpp:22[m[K,
                 from [01m[K/opt/ros/foxy/include/rclcpp/executors/multi_threaded_executor.hpp:26[m[K,
                 from [01m[K/opt/ros/foxy/include/rclcpp/executors.hpp:21[m[K,
                 from [01m[K/opt/ros/foxy/include/rclcpp/rclcpp.hpp:146[m[K,
                 from [01m[K/home/autodrive/laser_ws/src/urg_node-ros2-devel/src/pointcloud_2d_to_3d.cpp:1[m[K:
[01m[K/usr/include/c++/9/bits/ios_base.h:1011:3:[m[K [01;36m[Knote: [m[K‚Äò[01m[Kstd::left[m[K‚Äô declared here
 1011 |   [01;36m[Kleft[m[K(ios_base& __base)
      |   [01;36m[K^~~~[m[K
[01m[K/home/autodrive/laser_ws/src/urg_node-ros2-devel/src/pointcloud_2d_to_3d.cpp:117:9:[m[K [01;31m[Kerror: [m[K‚Äò[01m[Kright[m[K‚Äô was not declared in this scope; did you mean ‚Äò[01m[Kstd::right[m[K‚Äô?
  117 |         [01;31m[Kright[m[K.push_back({x, y, ang});
      |         [01;31m[K^~~~~[m[K
      |         [32m[Kstd::right[m[K
In file included from [01m[K/usr/include/c++/9/ios:42[m[K,
                 from [01m[K/usr/include/c++/9/ostream:38[m[K,
                 from [01m[K/usr/include/c++/9/iostream:39[m[K,
                 from [01m[K/opt/ros/foxy/include/rclcpp/executor.hpp:22[m[K,
                 from [01m[K/opt/ros/foxy/include/rclcpp/executors/multi_threaded_executor.hpp:26[m[K,
                 from [01m[K/opt/ros/foxy/include/rclcpp/executors.hpp:21[m[K,
                 from [01m[K/opt/ros/foxy/include/rclcpp/rclcpp.hpp:146[m[K,
                 from [01m[K/home/autodrive/laser_ws/src/urg_node-ros2-devel/src/pointcloud_2d_to_3d.cpp:1[m[K:
[01m[K/usr/include/c++/9/bits/ios_base.h:1019:3:[m[K [01;36m[Knote: [m[K‚Äò[01m[Kstd::right[m[K‚Äô declared here
 1019 |   [01;36m[Kright[m[K(ios_base& __base)
      |   [01;36m[K^~~~~[m[K
[01m[K/home/autodrive/laser_ws/src/urg_node-ros2-devel/src/pointcloud_2d_to_3d.cpp:96:17:[m[K [01;35m[Kwarning: [m[Kunused variable ‚Äò[01m[Kz[m[K‚Äô [[01;35m[K-Wunused-variable[m[K]
   96 |           float [01;35m[Kz[m[K = 0.0;  // ÂÅáËÆæÊøÄÂÖâÈõ∑ËææÂú®Ê∞¥Âπ≥Âπ≥Èù¢‰∏ä
      |                 [01;35m[K^[m[K
[01m[K/home/autodrive/laser_ws/src/urg_node-ros2-devel/src/pointcloud_2d_to_3d.cpp:120:11:[m[K [01;31m[Kerror: [m[K‚Äò[01m[Kleft[m[K‚Äô was not declared in this scope; did you mean ‚Äò[01m[Kstd::left[m[K‚Äô?
  120 | std::sort([01;31m[Kleft[m[K.begin(), left.end(), [](const lininfo &a, const lininfo &b)
      |           [01;31m[K^~~~[m[K
      |           [32m[Kstd::left[m[K
In file included from [01m[K/usr/include/c++/9/ios:42[m[K,
                 from [01m[K/usr/include/c++/9/ostream:38[m[K,
                 from [01m[K/usr/include/c++/9/iostream:39[m[K,
                 from [01m[K/opt/ros/foxy/include/rclcpp/executor.hpp:22[m[K,
                 from [01m[K/opt/ros/foxy/include/rclcpp/executors/multi_threaded_executor.hpp:26[m[K,
                 from [01m[K/opt/ros/foxy/include/rclcpp/executors.hpp:21[m[K,
                 from [01m[K/opt/ros/foxy/include/rclcpp/rclcpp.hpp:146[m[K,
                 from [01m[K/home/autodrive/laser_ws/src/urg_node-ros2-devel/src/pointcloud_2d_to_3d.cpp:1[m[K:
[01m[K/usr/include/c++/9/bits/ios_base.h:1011:3:[m[K [01;36m[Knote: [m[K‚Äò[01m[Kstd::left[m[K‚Äô declared here
 1011 |   [01;36m[Kleft[m[K(ios_base& __base)
      |   [01;36m[K^~~~[m[K
[01m[K/home/autodrive/laser_ws/src/urg_node-ros2-devel/src/pointcloud_2d_to_3d.cpp:124:11:[m[K [01;31m[Kerror: [m[K‚Äò[01m[Kright[m[K‚Äô was not declared in this scope; did you mean ‚Äò[01m[Kstd::right[m[K‚Äô?
  124 | std::sort([01;31m[Kright[m[K.begin(), right.end(), [](const lininfo &a, const lininfo &b)
      |           [01;31m[K^~~~~[m[K
      |           [32m[Kstd::right[m[K
In file included from [01m[K/usr/include/c++/9/ios:42[m[K,
                 from [01m[K/usr/include/c++/9/ostream:38[m[K,
                 from [01m[K/usr/include/c++/9/iostream:39[m[K,
                 from [01m[K/opt/ros/foxy/include/rclcpp/executor.hpp:22[m[K,
                 from [01m[K/opt/ros/foxy/include/rclcpp/executors/multi_threaded_executor.hpp:26[m[K,
                 from [01m[K/opt/ros/foxy/include/rclcpp/executors.hpp:21[m[K,
                 from [01m[K/opt/ros/foxy/include/rclcpp/rclcpp.hpp:146[m[K,
                 from [01m[K/home/autodrive/laser_ws/src/urg_node-ros2-devel/src/pointcloud_2d_to_3d.cpp:1[m[K:
[01m[K/usr/include/c++/9/bits/ios_base.h:1019:3:[m[K [01;36m[Knote: [m[K‚Äò[01m[Kstd::right[m[K‚Äô declared here
 1019 |   [01;36m[Kright[m[K(ios_base& __base)
      |   [01;36m[K^~~~~[m[K
[01m[K/home/autodrive/laser_ws/src/urg_node-ros2-devel/src/pointcloud_2d_to_3d.cpp:72:13:[m[K [01;35m[Kwarning: [m[Kunused variable ‚Äò[01m[Kangle_max[m[K‚Äô [[01;35m[K-Wunused-variable[m[K]
   72 |       float [01;35m[Kangle_max[m[K = scan_msg.angle_max;
      |             [01;35m[K^~~~~~~~~[m[K
[01m[K/home/autodrive/laser_ws/src/urg_node-ros2-devel/src/pointcloud_2d_to_3d.cpp:76:14:[m[K [01;35m[Kwarning: [m[Kunused variable ‚Äò[01m[Kpoint_index[m[K‚Äô [[01;35m[K-Wunused-variable[m[K]
   76 |       size_t [01;35m[Kpoint_index[m[K = 0;
      |              [01;35m[K^~~~~~~~~~~[m[K
make[2]: *** [CMakeFiles/pointcloud_2d_to_3d.dir/build.make:63: CMakeFiles/pointcloud_2d_to_3d.dir/src/pointcloud_2d_to_3d.cpp.o] Error 1
make[1]: *** [CMakeFiles/Makefile2:84: CMakeFiles/pointcloud_2d_to_3d.dir/all] Error 2
make: *** [Makefile:141: all] Error 2
