[ 22%] Built target urg_node_driver
[ 55%] Built target urg_node
[35m[1mScanning dependencies of target pointcloud_2d_to_3d[0m
[ 77%] Built target getID
[ 88%] [32mBuilding CXX object CMakeFiles/pointcloud_2d_to_3d.dir/src/pointcloud_2d_to_3d.cpp.o[0m
[01m[K/home/autodrive/laser_ws/src/urg_node-ros2-devel/src/pointcloud_2d_to_3d.cpp:[m[K In member function â€˜[01m[Kvoid PointCloudNode::laserScanToPointCloud2(const LaserScan&, sensor_msgs::msg::PointCloud2&)[m[Kâ€™:
[01m[K/home/autodrive/laser_ws/src/urg_node-ros2-devel/src/pointcloud_2d_to_3d.cpp:105:17:[m[K [01;31m[Kerror: [m[Kâ€˜[01m[Kusing PointCloud2 = struct sensor_msgs::msg::PointCloud2_<std::allocator<void> >[m[Kâ€™ {aka â€˜[01m[Kstruct sensor_msgs::msg::PointCloud2_<std::allocator<void> >[m[Kâ€™} has no member named â€˜[01m[Kframe_id[m[Kâ€™
  105 |       cloud_msg.[01;31m[Kframe_id[m[K=scan_msg.frame_id;
      |                 [01;31m[K^~~~~~~~[m[K
[01m[K/home/autodrive/laser_ws/src/urg_node-ros2-devel/src/pointcloud_2d_to_3d.cpp:105:35:[m[K [01;31m[Kerror: [m[Kâ€˜[01m[Kconst LaserScan[m[Kâ€™ {aka â€˜[01m[Kconst struct sensor_msgs::msg::LaserScan_<std::allocator<void> >[m[Kâ€™} has no member named â€˜[01m[Kframe_id[m[Kâ€™
  105 |       cloud_msg.frame_id=scan_msg.[01;31m[Kframe_id[m[K;
      |                                   [01;31m[K^~~~~~~~[m[K
[01m[K/home/autodrive/laser_ws/src/urg_node-ros2-devel/src/pointcloud_2d_to_3d.cpp:134:13:[m[K [01;35m[Kwarning: [m[Kunused variable â€˜[01m[Kangle_max[m[Kâ€™ [[01;35m[K-Wunused-variable[m[K]
  134 |       float [01;35m[Kangle_max[m[K = scan_msg.angle_max;
      |             [01;35m[K^~~~~~~~~[m[K
make[2]: *** [CMakeFiles/pointcloud_2d_to_3d.dir/build.make:63: CMakeFiles/pointcloud_2d_to_3d.dir/src/pointcloud_2d_to_3d.cpp.o] Error 1
make[1]: *** [CMakeFiles/Makefile2:84: CMakeFiles/pointcloud_2d_to_3d.dir/all] Error 2
make: *** [Makefile:141: all] Error 2
