[0.031s] Invoking command in '/home/autodrive/laser_ws/build/urg_node': CMAKE_PREFIX_PATH=/opt/ros/foxy /usr/bin/cmake --build /home/autodrive/laser_ws/build/urg_node -- -j6 -l6
[0.152s] [ 22%] Built target urg_node_driver
[0.154s] [ 55%] Built target urg_node
[0.180s] [35m[1mScanning dependencies of target pointcloud_2d_to_3d[0m
[0.217s] [ 77%] Built target getID
[0.237s] [ 88%] [32mBuilding CXX object CMakeFiles/pointcloud_2d_to_3d.dir/src/pointcloud_2d_to_3d.cpp.o[0m
[3.109s] [01m[K/home/autodrive/laser_ws/src/urg_node-ros2-devel/src/pointcloud_2d_to_3d.cpp:[m[K In member function â€˜[01m[Kvoid PointCloudNode::laserScanToPointCloud2(const LaserScan&, sensor_msgs::msg::PointCloud2&)[m[Kâ€™:
[3.109s] [01m[K/home/autodrive/laser_ws/src/urg_node-ros2-devel/src/pointcloud_2d_to_3d.cpp:105:17:[m[K [01;31m[Kerror: [m[Kâ€˜[01m[Kusing PointCloud2 = struct sensor_msgs::msg::PointCloud2_<std::allocator<void> >[m[Kâ€™ {aka â€˜[01m[Kstruct sensor_msgs::msg::PointCloud2_<std::allocator<void> >[m[Kâ€™} has no member named â€˜[01m[Kframe_id[m[Kâ€™
[3.110s]   105 |       cloud_msg.[01;31m[Kframe_id[m[K=scan_msg.frame_id;
[3.110s]       |                 [01;31m[K^~~~~~~~[m[K
[3.110s] [01m[K/home/autodrive/laser_ws/src/urg_node-ros2-devel/src/pointcloud_2d_to_3d.cpp:105:35:[m[K [01;31m[Kerror: [m[Kâ€˜[01m[Kconst LaserScan[m[Kâ€™ {aka â€˜[01m[Kconst struct sensor_msgs::msg::LaserScan_<std::allocator<void> >[m[Kâ€™} has no member named â€˜[01m[Kframe_id[m[Kâ€™
[3.110s]   105 |       cloud_msg.frame_id=scan_msg.[01;31m[Kframe_id[m[K;
[3.110s]       |                                   [01;31m[K^~~~~~~~[m[K
[3.111s] [01m[K/home/autodrive/laser_ws/src/urg_node-ros2-devel/src/pointcloud_2d_to_3d.cpp:134:13:[m[K [01;35m[Kwarning: [m[Kunused variable â€˜[01m[Kangle_max[m[Kâ€™ [[01;35m[K-Wunused-variable[m[K]
[3.112s]   134 |       float [01;35m[Kangle_max[m[K = scan_msg.angle_max;
[3.112s]       |             [01;35m[K^~~~~~~~~[m[K
[6.822s] make[2]: *** [CMakeFiles/pointcloud_2d_to_3d.dir/build.make:63: CMakeFiles/pointcloud_2d_to_3d.dir/src/pointcloud_2d_to_3d.cpp.o] Error 1
[6.823s] make[1]: *** [CMakeFiles/Makefile2:84: CMakeFiles/pointcloud_2d_to_3d.dir/all] Error 2
[6.823s] make: *** [Makefile:141: all] Error 2
[6.828s] Invoked command in '/home/autodrive/laser_ws/build/urg_node' returned '2': CMAKE_PREFIX_PATH=/opt/ros/foxy /usr/bin/cmake --build /home/autodrive/laser_ws/build/urg_node -- -j6 -l6
