[0.513s] Invoking command in '/home/autodrive/laser_ws/build/urg_node': CMAKE_PREFIX_PATH=/opt/ros/foxy /usr/bin/cmake --build /home/autodrive/laser_ws/build/urg_node -- -j6 -l6
[0.635s] [ 22%] Built target urg_node_driver
[0.643s] [ 55%] Built target urg_node
[0.667s] [35m[1mScanning dependencies of target pointcloud_2d_to_3d[0m
[0.704s] [ 77%] Built target getID
[0.721s] [ 88%] [32mBuilding CXX object CMakeFiles/pointcloud_2d_to_3d.dir/src/pointcloud_2d_to_3d.cpp.o[0m
[3.739s] [01m[K/home/autodrive/laser_ws/src/urg_node-ros2-devel/src/pointcloud_2d_to_3d.cpp:[m[K In member function â€˜[01m[Kvoid PointCloudNode::laserScanToPointCloud2(const LaserScan&)[m[Kâ€™:
[3.739s] [01m[K/home/autodrive/laser_ws/src/urg_node-ros2-devel/src/pointcloud_2d_to_3d.cpp:146:5:[m[K [01;31m[Kerror: [m[Kâ€˜[01m[Kprint[m[Kâ€™ was not declared in this scope; did you mean â€˜[01m[Kprintf[m[Kâ€™?
[3.740s]   146 |     [01;31m[Kprint[m[K(AngleRight,AngleLeft)
[3.740s]       |     [01;31m[K^~~~~[m[K
[3.740s]       |     [32m[Kprintf[m[K
[3.740s] [01m[K/home/autodrive/laser_ws/src/urg_node-ros2-devel/src/pointcloud_2d_to_3d.cpp:73:13:[m[K [01;35m[Kwarning: [m[Kunused variable â€˜[01m[Kangle_max[m[Kâ€™ [[01;35m[K-Wunused-variable[m[K]
[3.740s]    73 |       float [01;35m[Kangle_max[m[K = scan_msg.angle_max;
[3.740s]       |             [01;35m[K^~~~~~~~~[m[K
[7.426s] make[2]: *** [CMakeFiles/pointcloud_2d_to_3d.dir/build.make:63: CMakeFiles/pointcloud_2d_to_3d.dir/src/pointcloud_2d_to_3d.cpp.o] Error 1
[7.426s] make[1]: *** [CMakeFiles/Makefile2:84: CMakeFiles/pointcloud_2d_to_3d.dir/all] Error 2
[7.427s] make: *** [Makefile:141: all] Error 2
[7.433s] Invoked command in '/home/autodrive/laser_ws/build/urg_node' returned '2': CMAKE_PREFIX_PATH=/opt/ros/foxy /usr/bin/cmake --build /home/autodrive/laser_ws/build/urg_node -- -j6 -l6
