[ 22%] Built target urg_node_driver
[ 55%] Built target urg_node
[35m[1mScanning dependencies of target pointcloud_2d_to_3d[0m
[ 77%] Built target getID
[ 88%] [32mBuilding CXX object CMakeFiles/pointcloud_2d_to_3d.dir/src/pointcloud_2d_to_3d.cpp.o[0m
[01m[K/home/autodrive/laser_ws/src/urg_node-ros2-devel/src/pointcloud_2d_to_3d.cpp:[m[K In member function â€˜[01m[Kvoid PointCloudNode::laserScanCallback(sensor_msgs::msg::LaserScan_<std::allocator<void> >::SharedPtr)[m[Kâ€™:
[01m[K/home/autodrive/laser_ws/src/urg_node-ros2-devel/src/pointcloud_2d_to_3d.cpp:26:9:[m[K [01;31m[Kerror: [m[Kâ€˜[01m[Kprojector[m[Kâ€™ was not declared in this scope
   26 |         [01;31m[Kprojector[m[K.projectLaser(*scan_msg, cloud_msg);
      |         [01;31m[K^~~~~~~~~[m[K
make[2]: *** [CMakeFiles/pointcloud_2d_to_3d.dir/build.make:63: CMakeFiles/pointcloud_2d_to_3d.dir/src/pointcloud_2d_to_3d.cpp.o] Error 1
make[1]: *** [CMakeFiles/Makefile2:84: CMakeFiles/pointcloud_2d_to_3d.dir/all] Error 2
make: *** [Makefile:141: all] Error 2
