[0.027s] Invoking command in '/home/autodrive/laser_ws/build/urg_node': CMAKE_PREFIX_PATH=/opt/ros/foxy /usr/bin/cmake --build /home/autodrive/laser_ws/build/urg_node -- -j6 -l6
[0.153s] [ 22%] Built target urg_node_driver
[0.157s] [ 55%] Built target urg_node
[0.180s] [35m[1mScanning dependencies of target pointcloud_2d_to_3d[0m
[0.218s] [ 77%] Built target getID
[0.237s] [ 88%] [32mBuilding CXX object CMakeFiles/pointcloud_2d_to_3d.dir/src/pointcloud_2d_to_3d.cpp.o[0m
[3.094s] [01m[K/home/autodrive/laser_ws/src/urg_node-ros2-devel/src/pointcloud_2d_to_3d.cpp:37:21:[m[K [01;31m[Kerror: [m[Kâ€˜[01m[Klaser_geometry[m[Kâ€™ was not declared in this scope
[3.095s]    37 |     std::shared_ptr<[01;31m[Klaser_geometry[m[K::LaserProjection> projector_;
[3.096s]       |                     [01;31m[K^~~~~~~~~~~~~~[m[K
[3.096s] [01m[K/home/autodrive/laser_ws/src/urg_node-ros2-devel/src/pointcloud_2d_to_3d.cpp:37:52:[m[K [01;31m[Kerror: [m[Ktemplate argument 1 is invalid
[3.096s]    37 |     std::shared_ptr<laser_geometry::LaserProjection[01;31m[K>[m[K projector_;
[3.097s]       |                                                    [01;31m[K^[m[K
[3.097s] [01m[K/home/autodrive/laser_ws/src/urg_node-ros2-devel/src/pointcloud_2d_to_3d.cpp:104:1:[m[K [01;31m[Kerror: [m[Kexpected â€˜[01m[K}[m[Kâ€™ at end of input
[3.097s]   104 | [01;31m[K}[m[K
[3.097s]       | [01;31m[K^[m[K
[3.097s] [01m[K/home/autodrive/laser_ws/src/urg_node-ros2-devel/src/pointcloud_2d_to_3d.cpp:8:1:[m[K [01;36m[Knote: [m[Kto match this â€˜[01m[K{[m[Kâ€™
[3.098s]     8 | [01;36m[K{[m[K
[3.098s]       | [01;36m[K^[m[K
[3.126s] [01m[K/home/autodrive/laser_ws/src/urg_node-ros2-devel/src/pointcloud_2d_to_3d.cpp:[m[K In member function â€˜[01m[Kvoid PointCloudNode::laserScanCallback(sensor_msgs::msg::LaserScan_<std::allocator<void> >::SharedPtr)[m[Kâ€™:
[3.126s] [01m[K/home/autodrive/laser_ws/src/urg_node-ros2-devel/src/pointcloud_2d_to_3d.cpp:27:19:[m[K [01;31m[Kerror: [m[Kbase operand of â€˜[01m[K->[m[Kâ€™ is not a pointer
[3.126s]    27 |         projector_[01;31m[K->[m[KprojectLaser(*scan_msg, cloud_msg);
[3.127s]       |                   [01;31m[K^~[m[K
[3.151s] [01m[K/home/autodrive/laser_ws/src/urg_node-ros2-devel/src/pointcloud_2d_to_3d.cpp:[m[K At global scope:
[3.152s] [01m[K/home/autodrive/laser_ws/src/urg_node-ros2-devel/src/pointcloud_2d_to_3d.cpp:104:1:[m[K [01;31m[Kerror: [m[Kexpected unqualified-id at end of input
[3.152s]   104 | [01;31m[K}[m[K
[3.152s]       | [01;31m[K^[m[K
[6.574s] make[2]: *** [CMakeFiles/pointcloud_2d_to_3d.dir/build.make:63: CMakeFiles/pointcloud_2d_to_3d.dir/src/pointcloud_2d_to_3d.cpp.o] Error 1
[6.574s] make[1]: *** [CMakeFiles/Makefile2:84: CMakeFiles/pointcloud_2d_to_3d.dir/all] Error 2
[6.575s] make: *** [Makefile:141: all] Error 2
[6.580s] Invoked command in '/home/autodrive/laser_ws/build/urg_node' returned '2': CMAKE_PREFIX_PATH=/opt/ros/foxy /usr/bin/cmake --build /home/autodrive/laser_ws/build/urg_node -- -j6 -l6
