[0.029s] Invoking command in '/home/autodrive/laser_ws/build/urg_node': CMAKE_PREFIX_PATH=/opt/ros/foxy /usr/bin/cmake --build /home/autodrive/laser_ws/build/urg_node -- -j6 -l6
[0.152s] [ 22%] Built target urg_node_driver
[0.154s] [ 55%] Built target urg_node
[0.179s] [35m[1mScanning dependencies of target pointcloud_2d_to_3d[0m
[0.222s] [ 77%] Built target getID
[0.236s] [ 88%] [32mBuilding CXX object CMakeFiles/pointcloud_2d_to_3d.dir/src/pointcloud_2d_to_3d.cpp.o[0m
[3.099s] [01m[K/home/autodrive/laser_ws/src/urg_node-ros2-devel/src/pointcloud_2d_to_3d.cpp:[m[K In lambda function:
[3.100s] [01m[K/home/autodrive/laser_ws/src/urg_node-ros2-devel/src/pointcloud_2d_to_3d.cpp:82:30:[m[K [01;31m[Kerror: [m[Kâ€˜[01m[Kthis[m[Kâ€™ was not captured for this lambda function
[3.100s]    82 |             auto publisher = [01;31m[Kthis[m[K->create_publisher<sensor_msgs::msg::PointCloud2>("cloud", 10);
[3.101s]       |                              [01;31m[K^~~~[m[K
[3.101s] [01m[K/home/autodrive/laser_ws/src/urg_node-ros2-devel/src/pointcloud_2d_to_3d.cpp:82:82:[m[K [01;31m[Kerror: [m[Kexpected primary-expression before â€˜[01m[K>[m[Kâ€™ token
[3.101s]    82 |             auto publisher = this->create_publisher<sensor_msgs::msg::PointCloud2[01;31m[K>[m[K("cloud", 10);
[3.101s]       |                                                                                  [01;31m[K^[m[K
[3.102s] [01m[K/home/autodrive/laser_ws/src/urg_node-ros2-devel/src/pointcloud_2d_to_3d.cpp:82:84:[m[K [01;35m[Kwarning: [m[Kleft operand of comma operator has no effect [[01;35m[K-Wunused-value[m[K]
[3.102s]    82 |             auto publisher = this->create_publisher<sensor_msgs::msg::PointCloud2>([01;35m[K"cloud"[m[K, 10);
[3.102s]       |                                                                                    [01;35m[K^~~~~~~[m[K
[6.619s] make[2]: *** [CMakeFiles/pointcloud_2d_to_3d.dir/build.make:63: CMakeFiles/pointcloud_2d_to_3d.dir/src/pointcloud_2d_to_3d.cpp.o] Error 1
[6.619s] make[1]: *** [CMakeFiles/Makefile2:84: CMakeFiles/pointcloud_2d_to_3d.dir/all] Error 2
[6.619s] make: *** [Makefile:141: all] Error 2
[6.625s] Invoked command in '/home/autodrive/laser_ws/build/urg_node' returned '2': CMAKE_PREFIX_PATH=/opt/ros/foxy /usr/bin/cmake --build /home/autodrive/laser_ws/build/urg_node -- -j6 -l6
