[0.030s] Invoking command in '/home/autodrive/laser_ws/build/urg_node': CMAKE_PREFIX_PATH=/opt/ros/foxy /usr/bin/cmake --build /home/autodrive/laser_ws/build/urg_node -- -j6 -l6
[0.152s] [ 22%] Built target urg_node_driver
[0.156s] [ 55%] Built target urg_node
[0.180s] [35m[1mScanning dependencies of target pointcloud_2d_to_3d[0m
[0.216s] [ 77%] Built target getID
[0.237s] [ 88%] [32mBuilding CXX object CMakeFiles/pointcloud_2d_to_3d.dir/src/pointcloud_2d_to_3d.cpp.o[0m
[3.156s] [01m[K/home/autodrive/laser_ws/src/urg_node-ros2-devel/src/pointcloud_2d_to_3d.cpp:[m[K In member function â€˜[01m[Kvoid PointCloudNode::laserScanToPointCloud2(const LaserScan&, sensor_msgs::msg::PointCloud2&)[m[Kâ€™:
[3.157s] [01m[K/home/autodrive/laser_ws/src/urg_node-ros2-devel/src/pointcloud_2d_to_3d.cpp:141:22:[m[K [01;31m[Kerror: [m[Kcannot convert â€˜[01m[Kfloat[m[Kâ€™ to â€˜[01m[Kconst char*[m[Kâ€™
[3.157s]   141 |               printf([01;31m[Krange_min[m[K,range_max);
[3.157s]       |                      [01;31m[K^~~~~~~~~[m[K
[3.157s]       |                      [01;31m[K|[m[K
[3.157s]       |                      [01;31m[Kfloat[m[K
[3.158s] In file included from [01m[K/usr/include/c++/9/cstdio:42[m[K,
[3.158s]                  from [01m[K/usr/include/c++/9/ext/string_conversions.h:43[m[K,
[3.158s]                  from [01m[K/usr/include/c++/9/bits/basic_string.h:6496[m[K,
[3.158s]                  from [01m[K/usr/include/c++/9/string:55[m[K,
[3.158s]                  from [01m[K/usr/include/c++/9/stdexcept:39[m[K,
[3.158s]                  from [01m[K/usr/include/c++/9/array:39[m[K,
[3.158s]                  from [01m[K/usr/include/c++/9/tuple:39[m[K,
[3.159s]                  from [01m[K/usr/include/c++/9/bits/unique_ptr.h:37[m[K,
[3.159s]                  from [01m[K/usr/include/c++/9/memory:80[m[K,
[3.159s]                  from [01m[K/opt/ros/foxy/include/rclcpp/rclcpp.hpp:144[m[K,
[3.159s]                  from [01m[K/home/autodrive/laser_ws/src/urg_node-ros2-devel/src/pointcloud_2d_to_3d.cpp:1[m[K:
[3.159s] [01m[K/usr/include/stdio.h:332:43:[m[K [01;36m[Knote: [m[K  initializing argument 1 of â€˜[01m[Kint printf(const char*, ...)[m[Kâ€™
[3.159s]   332 | extern int printf ([01;36m[Kconst char *__restrict __format[m[K, ...);
[3.159s]       |                    [01;36m[K~~~~~~~~~~~~~~~~~~~~~~~^~~~~~~~[m[K
[3.159s] [01m[K/home/autodrive/laser_ws/src/urg_node-ros2-devel/src/pointcloud_2d_to_3d.cpp:130:13:[m[K [01;35m[Kwarning: [m[Kunused variable â€˜[01m[Kangle_max[m[Kâ€™ [[01;35m[K-Wunused-variable[m[K]
[3.160s]   130 |       float [01;35m[Kangle_max[m[K = scan_msg.angle_max;
[3.160s]       |             [01;35m[K^~~~~~~~~[m[K
[6.902s] make[2]: *** [CMakeFiles/pointcloud_2d_to_3d.dir/build.make:63: CMakeFiles/pointcloud_2d_to_3d.dir/src/pointcloud_2d_to_3d.cpp.o] Error 1
[6.903s] make[1]: *** [CMakeFiles/Makefile2:84: CMakeFiles/pointcloud_2d_to_3d.dir/all] Error 2
[6.903s] make: *** [Makefile:141: all] Error 2
[6.909s] Invoked command in '/home/autodrive/laser_ws/build/urg_node' returned '2': CMAKE_PREFIX_PATH=/opt/ros/foxy /usr/bin/cmake --build /home/autodrive/laser_ws/build/urg_node -- -j6 -l6
