[0.025s] Invoking command in '/home/autodrive/laser_ws/build/urg_node': CMAKE_PREFIX_PATH=/opt/ros/foxy /usr/bin/cmake --build /home/autodrive/laser_ws/build/urg_node -- -j6 -l6
[0.105s] -- Found ament_cmake: 0.9.12 (/opt/ros/foxy/share/ament_cmake/cmake)
[0.152s] -- Using PYTHON_EXECUTABLE: /usr/bin/python3
[0.554s] -- Found diagnostic_updater: 3.1.2 (/opt/ros/foxy/share/diagnostic_updater/cmake)
[0.608s] -- Using all available rosidl_typesupport_c: rosidl_typesupport_fastrtps_c;rosidl_typesupport_introspection_c
[0.615s] -- Found rosidl_adapter: 1.3.1 (/opt/ros/foxy/share/rosidl_adapter/cmake)
[0.862s] -- Using all available rosidl_typesupport_cpp: rosidl_typesupport_fastrtps_cpp;rosidl_typesupport_introspection_cpp
[1.118s] -- Found rmw_implementation_cmake: 1.0.4 (/opt/ros/foxy/share/rmw_implementation_cmake/cmake)
[1.122s] -- Using RMW implementation 'rmw_fastrtps_cpp' as default
[1.407s] -- Found laser_proc: 1.0.2 (/opt/ros/foxy/share/laser_proc/cmake)
[1.650s] -- Found rclcpp_components: 2.4.3 (/opt/ros/foxy/share/rclcpp_components/cmake)
[1.757s] -- Found std_srvs: 2.0.5 (/opt/ros/foxy/share/std_srvs/cmake)
[1.777s] -- Found urg_c: 1.0.4001 (/opt/ros/foxy/share/urg_c/cmake)
[1.780s] -- Found urg_node_msgs: 1.0.1 (/opt/ros/foxy/share/urg_node_msgs/cmake)
[1.866s] -- Found ament_lint_auto: 0.9.8 (/opt/ros/foxy/share/ament_lint_auto/cmake)
[2.014s] -- Added test 'cppcheck' to perform static code analysis on C / C++ code
[2.015s] -- Configured cppcheck include dirs: $<BUILD_INTERFACE:/home/autodrive/laser_ws/src/urg_node-ros2-devel/include>
[2.015s] -- Configured cppcheck exclude dirs and/or files: 
[2.019s] -- Added test 'cpplint' to check C / C++ code against the Google style
[2.019s] -- Configured cpplint exclude dirs and/or files: 
[2.019s] -- Added test 'flake8' to check Python code syntax and style conventions
[2.021s] -- Added test 'lint_cmake' to check CMake code style
[2.021s] -- Added test 'pep257' to check Python code against some of the style conventions in PEP 257
[2.024s] -- Added test 'uncrustify' to check C / C++ code style
[2.024s] -- Configured uncrustify additional arguments: 
[2.025s] -- Added test 'xmllint' to check XML markup files
[2.036s] -- Configuring done
[2.114s] -- Generating done
[2.141s] -- Build files have been written to: /home/autodrive/laser_ws/build/urg_node
[2.251s] [ 22%] Built target urg_node_driver
[2.258s] [ 55%] Built target urg_node
[2.279s] [35m[1mScanning dependencies of target pointcloud_2d_to_3d[0m
[2.319s] [ 77%] Built target getID
[2.408s] [ 88%] [32mBuilding CXX object CMakeFiles/pointcloud_2d_to_3d.dir/src/pointcloud_2d_to_3d.cpp.o[0m
[5.248s] [01m[K/home/autodrive/laser_ws/src/urg_node-ros2-devel/src/pointcloud_2d_to_3d.cpp:[m[K In lambda function:
[5.249s] [01m[K/home/autodrive/laser_ws/src/urg_node-ros2-devel/src/pointcloud_2d_to_3d.cpp:81:19:[m[K [01;31m[Kerror: [m[Kâ€˜[01m[Kusing element_type = class rclcpp::Node[m[Kâ€™ {aka â€˜[01m[Kclass rclcpp::Node[m[Kâ€™} has no member named â€˜[01m[Kget_publisher[m[Kâ€™; did you mean â€˜[01m[Kcreate_publisher[m[Kâ€™?
[5.249s]    81 |             node->[01;31m[Kget_publisher[m[K<sensor_msgs::msg::PointCloud2>("cloud").publish(*cloud_msg);
[5.249s]       |                   [01;31m[K^~~~~~~~~~~~~[m[K
[5.249s]       |                   [32m[Kcreate_publisher[m[K
[5.249s] [01m[K/home/autodrive/laser_ws/src/urg_node-ros2-devel/src/pointcloud_2d_to_3d.cpp:81:62:[m[K [01;31m[Kerror: [m[Kexpected primary-expression before â€˜[01m[K>[m[Kâ€™ token
[5.250s]    81 |             node->get_publisher<sensor_msgs::msg::PointCloud2[01;31m[K>[m[K("cloud").publish(*cloud_msg);
[5.250s]       |                                                              [01;31m[K^[m[K
[5.250s] [01m[K/home/autodrive/laser_ws/src/urg_node-ros2-devel/src/pointcloud_2d_to_3d.cpp:81:73:[m[K [01;31m[Kerror: [m[Krequest for member â€˜[01m[Kpublish[m[Kâ€™ in â€˜[01m[K("cloud")[m[Kâ€™, which is of non-class type â€˜[01m[Kconst char [6][m[Kâ€™
[5.250s]    81 |             node->get_publisher<sensor_msgs::msg::PointCloud2>("cloud").[01;31m[Kpublish[m[K(*cloud_msg);
[5.250s]       |                                                                         [01;31m[K^~~~~~~[m[K
[8.705s] make[2]: *** [CMakeFiles/pointcloud_2d_to_3d.dir/build.make:63: CMakeFiles/pointcloud_2d_to_3d.dir/src/pointcloud_2d_to_3d.cpp.o] Error 1
[8.706s] make[1]: *** [CMakeFiles/Makefile2:84: CMakeFiles/pointcloud_2d_to_3d.dir/all] Error 2
[8.706s] make: *** [Makefile:141: all] Error 2
[8.712s] Invoked command in '/home/autodrive/laser_ws/build/urg_node' returned '2': CMAKE_PREFIX_PATH=/opt/ros/foxy /usr/bin/cmake --build /home/autodrive/laser_ws/build/urg_node -- -j6 -l6
